[debug] [2021-10-19T17:03:12.791Z] ----------------------------------------------------------------------
[debug] [2021-10-19T17:03:12.795Z] Command:       /home/abdulkaium/.nvm/versions/node/v16.6.0/bin/node /home/abdulkaium/.nvm/versions/node/v16.6.0/bin/firebase init
[debug] [2021-10-19T17:03:12.795Z] CLI Version:   9.20.0
[debug] [2021-10-19T17:03:12.796Z] Platform:      linux
[debug] [2021-10-19T17:03:12.796Z] Node Version:  v16.6.0
[debug] [2021-10-19T17:03:12.796Z] Time:          Tue Oct 19 2021 23:03:12 GMT+0600 (Bangladesh Standard Time)
[debug] [2021-10-19T17:03:12.797Z] ----------------------------------------------------------------------
[debug] 
[debug] [2021-10-19T17:03:12.813Z] > command requires scopes: ["email","openid","https://www.googleapis.com/auth/cloudplatformprojects.readonly","https://www.googleapis.com/auth/firebase","https://www.googleapis.com/auth/cloud-platform"]
[debug] [2021-10-19T17:03:12.814Z] > authorizing via signed-in user (mailtokaium@gmail.com)
[info] 
     ######## #### ########  ######## ########     ###     ######  ########
     ##        ##  ##     ## ##       ##     ##  ##   ##  ##       ##
     ######    ##  ########  ######   ########  #########  ######  ######
     ##        ##  ##    ##  ##       ##     ## ##     ##       ## ##
     ##       #### ##     ## ######## ########  ##     ##  ######  ########

You're about to initialize a Firebase project in this directory:

  /home/abdulkaium/projects/assignments/assignment-10/health-guard

[info] 
=== Project Setup
[info] 
[info] First, let's associate this project directory with a Firebase project.
[info] You can create multiple project aliases by running firebase use --add, 
[info] but for now we'll just set up a default project.
[info] 
[debug] [2021-10-19T17:07:52.373Z] >>> [apiv2][query] GET https://firebase.googleapis.com/v1beta1/projects pageSize=100
[debug] [2021-10-19T17:07:53.152Z] <<< [apiv2][status] GET https://firebase.googleapis.com/v1beta1/projects 200
[debug] [2021-10-19T17:07:53.152Z] <<< [apiv2][body] GET https://firebase.googleapis.com/v1beta1/projects [omitted]
[info] i  Using project health-guard-9073c (health-guard) 
[info] 
=== Hosting:github Setup
[info] 
[info] i  Detected a .git folder at /home/abdulkaium/projects 
[info] i  Authorizing with GitHub to upload your service account to a GitHub repository's secrets store. 
[info] 
[info] Visit this URL on this device to log in:
[info] https://github.com/login/oauth/authorize?client_id=89cf50f02ac6aaed3484&state=957601391&redirect_uri=http%3A%2F%2Flocalhost%3A9005&scope=read%3Auser%20repo%20public_repo
[info] 
[info] Waiting for authentication...
[debug] [2021-10-19T17:09:20.132Z] >>> HTTP REQUEST POST https://github.com/login/oauth/access_token  
 {"client_id":"89cf50f02ac6aaed3484","client_secret":"3330d14abc895d9a74d5f17cd7a00711fa2c5bf0","code":"3c3a76a8e9b1034cddc5","redirect_uri":"http://localhost:9005","state":"957601391"}
[debug] [2021-10-19T17:09:21.700Z] <<< HTTP RESPONSE 200 {"server":"GitHub.com","date":"Tue, 19 Oct 2021 17:09:21 GMT","content-type":"application/json; charset=utf-8","transfer-encoding":"chunked","vary":"X-PJAX, X-PJAX-Container, Accept-Encoding, Accept, X-Requested-With","permissions-policy":"interest-cohort=()","etag":"W/\"8a3432c29e3522dc7d2e26dcf8310755\"","cache-control":"max-age=0, private, must-revalidate","strict-transport-security":"max-age=31536000; includeSubdomains; preload","x-frame-options":"deny","x-content-type-options":"nosniff","x-xss-protection":"0","referrer-policy":"origin-when-cross-origin, strict-origin-when-cross-origin","expect-ct":"max-age=2592000, report-uri=\"https://api.github.com/_private/browser/errors\"","content-security-policy":"default-src 'none'; base-uri 'self'; block-all-mixed-content; child-src github.com/assets-cdn/worker/ gist.github.com/assets-cdn/worker/; connect-src 'self' uploads.github.com objects-origin.githubusercontent.com www.githubstatus.com collector.githubapp.com api.github.com github-cloud.s3.amazonaws.com github-production-repository-file-5c1aeb.s3.amazonaws.com github-production-upload-manifest-file-7fdce7.s3.amazonaws.com github-production-user-asset-6210df.s3.amazonaws.com cdn.optimizely.com logx.optimizely.com/v1/events translator.github.com wss://alive.github.com; font-src github.githubassets.com; form-action 'self' github.com gist.github.com objects-origin.githubusercontent.com; frame-ancestors 'none'; frame-src render.githubusercontent.com viewscreen.githubusercontent.com; img-src 'self' data: github.githubassets.com identicons.github.com collector.githubapp.com github-cloud.s3.amazonaws.com secured-user-images.githubusercontent.com/ *.githubusercontent.com; manifest-src 'self'; media-src github.com user-images.githubusercontent.com/; script-src github.githubassets.com; style-src 'unsafe-inline' github.githubassets.com; worker-src github.com/assets-cdn/worker/ gist.github.com/assets-cdn/worker/","x-github-request-id":"C5F4:7F63:9C3C64:B70DE1:616EFBC1"}
[debug] [2021-10-19T17:09:21.706Z] >>> [apiv2][query] GET https://api.github.com/user [none]
[debug] [2021-10-19T17:09:22.314Z] <<< [apiv2][status] GET https://api.github.com/user 200
[debug] [2021-10-19T17:09:22.315Z] <<< [apiv2][body] GET https://api.github.com/user {"login":"githubkaium","id":76552916,"node_id":"MDQ6VXNlcjc2NTUyOTE2","avatar_url":"https://avatars.githubusercontent.com/u/76552916?v=4","gravatar_id":"","url":"https://api.github.com/users/githubkaium","html_url":"https://github.com/githubkaium","followers_url":"https://api.github.com/users/githubkaium/followers","following_url":"https://api.github.com/users/githubkaium/following{/other_user}","gists_url":"https://api.github.com/users/githubkaium/gists{/gist_id}","starred_url":"https://api.github.com/users/githubkaium/starred{/owner}{/repo}","subscriptions_url":"https://api.github.com/users/githubkaium/subscriptions","organizations_url":"https://api.github.com/users/githubkaium/orgs","repos_url":"https://api.github.com/users/githubkaium/repos","events_url":"https://api.github.com/users/githubkaium/events{/privacy}","received_events_url":"https://api.github.com/users/githubkaium/received_events","type":"User","site_admin":false,"name":"ABDUL KAIUM","company":null,"blog":"","location":"Dhaka, Bangladesh.","email":null,"hireable":null,"bio":null,"twitter_username":"tweetkaium","public_repos":8,"public_gists":0,"followers":0,"following":2,"created_at":"2020-12-24T08:39:14Z","updated_at":"2021-09-14T07:54:23Z","private_gists":0,"total_private_repos":0,"owned_private_repos":0,"disk_usage":15715,"collaborators":0,"two_factor_authentication":false,"plan":{"name":"free","space":976562499,"collaborators":0,"private_repos":10000}}
[info] 
[info] ✔  Success! Logged into GitHub as githubkaium 
[info] 
[debug] [2021-10-19T17:11:57.175Z] >>> [apiv2][query] GET https://api.github.com/repos/format:repository/actions/secrets/public-key type=owner
[debug] [2021-10-19T17:11:58.093Z] <<< [apiv2][status] GET https://api.github.com/repos/format:repository/actions/secrets/public-key 404
[debug] [2021-10-19T17:11:58.094Z] <<< [apiv2][body] GET https://api.github.com/repos/format:repository/actions/secrets/public-key {"message":"Not Found","documentation_url":"https://docs.github.com/rest"}
[debug] [2021-10-19T17:12:07.197Z] >>> [apiv2][query] GET https://api.github.com/repos/repository/actions/secrets/public-key type=owner
[debug] [2021-10-19T17:12:07.712Z] <<< [apiv2][status] GET https://api.github.com/repos/repository/actions/secrets/public-key 404
[debug] [2021-10-19T17:12:07.712Z] <<< [apiv2][body] GET https://api.github.com/repos/repository/actions/secrets/public-key {"message":"Not Found","documentation_url":"https://docs.github.com/rest"}
[debug] [2021-10-19T17:16:07.070Z] >>> [apiv2][query] GET https://api.github.com/repos/https://github.com/Programming-Hero-Web-Course3/healthcare-related-website-githubkaium/actions/secrets/public-key type=owner
[debug] [2021-10-19T17:16:07.571Z] <<< [apiv2][status] GET https://api.github.com/repos/https://github.com/Programming-Hero-Web-Course3/healthcare-related-website-githubkaium/actions/secrets/public-key 404
[debug] [2021-10-19T17:16:07.572Z] <<< [apiv2][body] GET https://api.github.com/repos/https://github.com/Programming-Hero-Web-Course3/healthcare-related-website-githubkaium/actions/secrets/public-key {"message":"Not Found","documentation_url":"https://docs.github.com/rest"}
[debug] [2021-10-19T17:16:50.570Z] >>> [apiv2][query] GET https://api.github.com/repos/githukaium/https://github.com/Programming-Hero-Web-Course3/healthcare-related-website-githubkaium/actions/secrets/public-key type=owner
[debug] [2021-10-19T17:16:51.120Z] <<< [apiv2][status] GET https://api.github.com/repos/githukaium/https://github.com/Programming-Hero-Web-Course3/healthcare-related-website-githubkaium/actions/secrets/public-key 404
[debug] [2021-10-19T17:16:51.121Z] <<< [apiv2][body] GET https://api.github.com/repos/githukaium/https://github.com/Programming-Hero-Web-Course3/healthcare-related-website-githubkaium/actions/secrets/public-key {"message":"Not Found","documentation_url":"https://docs.github.com/rest"}
[debug] [2021-10-19T17:17:10.264Z] >>> [apiv2][query] GET https://api.github.com/repos/format: githubkaium/https://github.com/Programming-Hero-Web-Course3/healthcare-related-website-githubkaium/actions/secrets/public-key type=owner
[debug] [2021-10-19T17:17:10.788Z] <<< [apiv2][status] GET https://api.github.com/repos/format: githubkaium/https://github.com/Programming-Hero-Web-Course3/healthcare-related-website-githubkaium/actions/secrets/public-key 404
[debug] [2021-10-19T17:17:10.788Z] <<< [apiv2][body] GET https://api.github.com/repos/format: githubkaium/https://github.com/Programming-Hero-Web-Course3/healthcare-related-website-githubkaium/actions/secrets/public-key {"message":"Not Found","documentation_url":"https://docs.github.com/rest"}
[debug] [2021-10-19T17:18:19.083Z] >>> [apiv2][query] GET https://api.github.com/repos/githubkaium/healthcare-related-website-githubkaium/actions/secrets/public-key type=owner
[debug] [2021-10-19T17:18:19.648Z] <<< [apiv2][status] GET https://api.github.com/repos/githubkaium/healthcare-related-website-githubkaium/actions/secrets/public-key 404
[debug] [2021-10-19T17:18:19.648Z] <<< [apiv2][body] GET https://api.github.com/repos/githubkaium/healthcare-related-website-githubkaium/actions/secrets/public-key {"message":"Not Found","documentation_url":"https://docs.github.com/rest/reference/actions#get-a-repository-public-key"}
[debug] [2021-10-19T17:18:36.006Z] >>> [apiv2][query] GET https://api.github.com/repos/format: githubkaium/healthcare-related-website-githubkaium/actions/secrets/public-key type=owner
[debug] [2021-10-19T17:18:36.594Z] <<< [apiv2][status] GET https://api.github.com/repos/format: githubkaium/healthcare-related-website-githubkaium/actions/secrets/public-key 404
[debug] [2021-10-19T17:18:36.595Z] <<< [apiv2][body] GET https://api.github.com/repos/format: githubkaium/healthcare-related-website-githubkaium/actions/secrets/public-key {"message":"Not Found","documentation_url":"https://docs.github.com/rest/reference/actions#get-a-repository-public-key"}
[debug] [2021-10-19T17:18:53.400Z] >>> [apiv2][query] GET https://api.github.com/repos/no/actions/secrets/public-key type=owner
[debug] [2021-10-19T17:18:53.861Z] <<< [apiv2][status] GET https://api.github.com/repos/no/actions/secrets/public-key 404
[debug] [2021-10-19T17:18:53.863Z] <<< [apiv2][body] GET https://api.github.com/repos/no/actions/secrets/public-key {"message":"Not Found","documentation_url":"https://docs.github.com/rest"}
[debug] [2021-10-19T17:18:57.207Z] >>> [apiv2][query] GET https://api.github.com/repos/n/actions/secrets/public-key type=owner
[debug] [2021-10-19T17:18:57.688Z] <<< [apiv2][status] GET https://api.github.com/repos/n/actions/secrets/public-key 404
[debug] [2021-10-19T17:18:57.689Z] <<< [apiv2][body] GET https://api.github.com/repos/n/actions/secrets/public-key {"message":"Not Found","documentation_url":"https://docs.github.com/rest"}
[debug] [2021-10-19T17:19:30.069Z] >>> [apiv2][query] GET https://api.github.com/repos/githubkaium/actions/secrets/public-key type=owner
[debug] [2021-10-19T17:19:30.606Z] <<< [apiv2][status] GET https://api.github.com/repos/githubkaium/actions/secrets/public-key 404
[debug] [2021-10-19T17:19:30.606Z] <<< [apiv2][body] GET https://api.github.com/repos/githubkaium/actions/secrets/public-key {"message":"Not Found","documentation_url":"https://docs.github.com/rest"}
[debug] [2021-10-19T17:20:13.259Z] >>> [apiv2][query] GET https://api.github.com/repos/healthcare-related-website-githubkaium/actions/secrets/public-key type=owner
[debug] [2021-10-19T17:20:13.882Z] <<< [apiv2][status] GET https://api.github.com/repos/healthcare-related-website-githubkaium/actions/secrets/public-key 404
[debug] [2021-10-19T17:20:13.882Z] <<< [apiv2][body] GET https://api.github.com/repos/healthcare-related-website-githubkaium/actions/secrets/public-key {"message":"Not Found","documentation_url":"https://docs.github.com/rest"}
[debug] [2021-10-19T17:20:27.485Z] >>> [apiv2][query] GET https://api.github.com/repos/format:healthcare-related-website-githubkaium/actions/secrets/public-key type=owner
[debug] [2021-10-19T17:20:28.641Z] <<< [apiv2][status] GET https://api.github.com/repos/format:healthcare-related-website-githubkaium/actions/secrets/public-key 404
[debug] [2021-10-19T17:20:28.641Z] <<< [apiv2][body] GET https://api.github.com/repos/format:healthcare-related-website-githubkaium/actions/secrets/public-key {"message":"Not Found","documentation_url":"https://docs.github.com/rest"}
